1567203140596	webdriver::httpapi	DEBUG	Creating routes
1567203140603	geckodriver	DEBUG	Listening on 127.0.0.1:4444
1567203140726	webdriver::server	DEBUG	-> GET /status 
1567203140726	webdriver::server	DEBUG	<- 200 OK {"value":{"message":"","ready":true}}
1567203140851	webdriver::server	DEBUG	-> POST /session {"capabilities":{"browserName":"firefox","acceptSslCerts":true,"acceptInsecureCerts":true,"name":"Pages\\main"},"desiredCapabilities":{"browserName":"firefox","acceptSslCerts":true,"platform":"ANY","acceptInsecureCerts":true,"name":"Pages\\main"}}
1567203140864	mozrunner::runner	INFO	Running command: "C:\\Program Files\\Firefox Developer Edition\\firefox.exe" "-marionette" "-foreground" "-no-remote" "-profile" "C:\\Users\\GEBRUI~1\\AppData\\Local\\Temp\\rust_mozprofile.ChBFd8c4DVeN"
1567203140867	geckodriver::marionette	DEBUG	Waiting 60s to connect to browser on 127.0.0.1:63751
1567203141305	addons.webextension.screenshots@mozilla.org	WARN	Loading extension 'screenshots@mozilla.org': Reading manifest: Invalid extension permission: mozillaAddons
1567203141305	addons.webextension.screenshots@mozilla.org	WARN	Loading extension 'screenshots@mozilla.org': Reading manifest: Invalid extension permission: telemetry
1567203141306	addons.webextension.screenshots@mozilla.org	WARN	Loading extension 'screenshots@mozilla.org': Reading manifest: Invalid extension permission: resource://pdf.js/
1567203141306	addons.webextension.screenshots@mozilla.org	WARN	Loading extension 'screenshots@mozilla.org': Reading manifest: Invalid extension permission: about:reader*
1567203141584	Marionette	DEBUG	Init aborted (running=false, enabled=true, finalUIStartup=false)
JavaScript error: resource://gre/modules/XULStore.jsm, line 66: Error: Can't find profile directory.
WARN: compileToBinary(259): 
C:\fakepath(337,18-133): warning X3571: pow(f, e) will not work for negative f, use abs(f) or conditionally handle negative values if you expect them
C:\fakepath(343,62-116): warning X3571: pow(f, e) will not work for negative f, use abs(f) or conditionally handle negative values if you expect them
C:\fakepath(360,75-84): warning X3556: integer divides may be much slower, try using uints if possible.
C:\fakepath(363,50-59): warning X3556: integer modulus may be much slower, try using uints if possible.
C:\fakepath(383,33-90): warning X3571: pow(f, e) will not work for negative f, use abs(f) or conditionally handle negative values if you expect them
C:\fakepath(174,1-6): warning X4000: use of potentially uninitialized variable (dyn_index_vec4_float4)
C:\fakepath(289,25-29): error X4576: Input array signature parameter  cannot be indexed dynamically.

WARN: compileToBinary(259): 
C:\fakepath(337,18-133): warning X3571: pow(f, e) will not work for negative f, use abs(f) or conditionally handle negative values if you expect them
C:\fakepath(343,62-116): warning X3571: pow(f, e) will not work for negative f, use abs(f) or conditionally handle negative values if you expect them
C:\fakepath(360,75-84): warning X3556: integer divides may be much slower, try using uints if possible.
C:\fakepath(363,50-59): warning X3556: integer modulus may be much slower, try using uints if possible.
C:\fakepath(383,33-90): warning X3571: pow(f, e) will not work for negative f, use abs(f) or conditionally handle negative values if you expect them
C:\fakepath(174,1-6): warning X4000: use of potentially uninitialized variable (dyn_index_vec4_float4)
C:\fakepath(289,25-29): error X4576: Input array signature parameter  cannot be indexed dynamically.

WARN: compileToBinary(259): 
C:\fakepath(360,75-84): warning X3556: integer divides may be much slower, try using uints if possible.
C:\fakepath(363,50-59): warning X3556: integer modulus may be much slower, try using uints if possible.
C:\fakepath(174,1-6): warning X4000: use of potentially uninitialized variable (dyn_index_vec4_float4)
C:\fakepath(225,1): warning X4000: use of potentially uninitialized variable (f_distance_aa)
C:\fakepath(262,1): warning X4000: use of potentially uninitialized variable (f_do_clip)

[Child 13084, Chrome_ChildThread] WARNING: pipe error: 109: file z:/task_1567136873/build/src/ipc/chromium/src/chrome/common/ipc_channel_win.cc, line 341
[Child 13084, Chrome_ChildThread]1567203144185	Marionette	DEBUG	Setting recommended pref apz.content_response_timeout to 60000
1567203144186	Marionette	DEBUG	Setting recommended pref browser.contentblocking.introCount to 99
1567203144186	Marionette	DEBUG	Setting recommended pref browser.download.panel.shown to true
1567203144186	Marionette	DEBUG	Setting recommended pref browser.newtabpage.enabled to false
1567203144187	Marionette	DEBUG	Setting recommended pref browser.pagethumbnails.capturing_disabled to true
1567203144187	Marionette	DEBUG	Setting recommended pref browser.search.update to false
1567203144187	Marionette	DEBUG	Setting recommended pref browser.tabs.disableBackgroundZombification to false
1567203144188	Marionette	DEBUG	Setting recommended pref browser.tabs.remote.separatePrivilegedContentProcess to false
1567203144188	Marionette	DEBUG	Setting recommended pref browser.tabs.unloadOnLowMemory to false
1567203144188	Marionette	DEBUG	Setting recommended pref browser.tabs.warnOnCloseOtherTabs to false
1567203144188	Marionette	DEBUG	Setting recommended pref browser.tabs.warnOnOpen to false
1567203144188	Marionette	DEBUG	Setting recommended pref browser.usedOnWindows10.introURL to 
1567203144188	Marionette	DEBUG	Setting recommended pref browser.urlbar.suggest.searches to false
1567203144189	Marionette	DEBUG	Setting recommended pref datareporting.policy.dataSubmissionPolicyAccepted to false
1567203144189	Marionette	DEBUG	Setting recommended pref dom.disable_beforeunload to true
1567203144189	Marionette	DEBUG	Setting recommended pref dom.disable_open_during_load to false
1567203144189	Marionette	DEBUG	Setting recommended pref dom.file.createInChild to true
1567203144189	Marionette	DEBUG	Setting recommended pref dom.max_chrome_script_run_time to 0
1567203144189	Marionette	DEBUG	Setting recommended pref dom.max_script_run_time to 0
1567203144190	Marionette	DEBUG	Setting recommended pref dom.push.connection.enabled to false
1567203144190	Marionette	DEBUG	Setting recommended pref extensions.getAddons.cache.enabled to false
1567203144190	Marionette	DEBUG	Setting recommended pref extensions.webservice.discoverURL to http://%(server)s/dummy/discoveryURL
1567203144191	Marionette	DEBUG	Setting recommended pref network.http.prompt-temp-redirect to false
1567203144191	Marionette	DEBUG	Setting recommended pref network.http.speculative-parallel-limit to 0
1567203144191	Marionette	DEBUG	Setting recommended pref privacy.trackingprotection.enabled to false
1567203144191	Marionette	DEBUG	Setting recommended pref security.certerrors.mitm.priming.enabled to false
1567203144191	Marionette	DEBUG	Setting recommended pref security.fileuri.strict_origin_policy to false
1567203144191	Marionette	DEBUG	Setting recommended pref security.notification_enable_delay to 0
1567203144191	Marionette	DEBUG	Setting recommended pref signon.autofillForms to false
1567203144192	Marionette	DEBUG	Setting recommended pref signon.rememberSignons to false
1567203144192	Marionette	DEBUG	Setting recommended pref toolkit.cosmeticAnimations.enabled to false
1567203144230	Marionette	INFO	Listening on port 63751
1567203144231	Marionette	DEBUG	Remote service is active
1567203144475	geckodriver::marionette	DEBUG	Connection established on 127.0.0.1:63751. Waiting for Marionette handshake
1567203144477	Marionette	DEBUG	Accepted connection 0 from 127.0.0.1:63762
1567203144477	geckodriver::marionette	DEBUG	Connected to Marionette
1567203144479	Marionette	DEBUG	0 -> [0,1,"WebDriver:NewSession",{}]
1567203144517	Marionette	DEBUG	0 <- [1,1,null,{"sessionId":"46c10d1c-1c22-4f3f-8b0d-5302e2bc9729","capabilities":{"browserName":"firefox","browserVersion":"70.0" ... ozprofile.ChBFd8c4DVeN","moz:shutdownTimeout":60000,"moz:useNonSpecCompliantPointerOrigin":false,"moz:webdriverClick":true}}]
1567203144536	webdriver::server	DEBUG	<- 200 OK {"value":{"sessionId":"46c10d1c-1c22-4f3f-8b0d-5302e2bc9729","capabilities":{"acceptInsecureCerts":false,"browserName":"firefox","browserVersion":"70.0","moz:accessibilityChecks":false,"moz:buildID":"20190830040415","moz:geckodriverVersion":"0.24.0","moz:headless":false,"moz:processID":12836,"moz:profile":"C:\\Users\\Gebruiker\\AppData\\Local\\Temp\\rust_mozprofile.ChBFd8c4DVeN","moz:shutdownTimeout":60000,"moz:useNonSpecCompliantPointerOrigin":false,"moz:webdriverClick":true,"pageLoadStrategy":"normal","platformName":"windows","platformVersion":"10.0","rotatable":false,"setWindowRect":true,"strictFileInteractability":false,"timeouts":{"implicit":0,"pageLoad":300000,"script":30000},"unhandledPromptBehavior":"dismiss and notify"}}}
1567203144551	webdriver::server	DEBUG	-> DELETE /session/46c10d1c-1c22-4f3f-8b0d-5302e2bc9729 
1567203144553	Marionette	DEBUG	0 -> [0,2,"Marionette:Quit",{"flags":["eForceQuit"]}]
1567203144553	Marionette	INFO	Stopped listening on port 63751
1567203144610	Marionette	DEBUG	0 <- [1,2,null,{"cause":"shutdown"}]
1567203144635	webdriver::server	DEBUG	Deleting session
[Child 9564, Chrome_ChildThread] WARNING: pipe error: 109: file z:/task_1567136873/build/src/ipc/chromium/src/chrome/common/ipc_channel_win.cc, line 341
[Child 9564, Chrome_ChildThread] WARNING: pipe er1567203144641	Marionette	DEBUG	0 -> [0,3,"Marionette:Quit",{"flags":["eForceQuit"]}]
1567203144642	Marionette	DEBUG	0 <- [1,3,{"error":"invalid session id","message":"Tried to run command without establishing a connection","stacktrace":"WebDriver ... t@chrome://marionette/content/server.js:249:9\n_onJSONObjectReady/<@chrome://marionette/content/transport.js:501:20\n"},null]
[Child 11704, Chrome_ChildThread] WARNING: pipe error: 109: file z:/task_1567136873/build/src/ipc/chromium/src/chrome/common/ipc_channel_win.cc, line 341
[Child 11704, Chrome_ChildThread] WARNING: pipe error: 109: file z:/task_11567203144647	Marionette	DEBUG	Closed connection 0
[Parent 12836, Gecko_IOThread] WARNING: pipe error: 109: file z:/task_1567136873/build/src/ipc/chromium/src/chrome/common/ipc_channel_win.cc, line 341
[Parent 12836, Gecko_IOThread] WARNING: file z:/task_1567136873/build/src/ipc/chromium/src/base/process_util_win.cc, line 160
1567203145133	Marionette	DEBUG	Resetting recommended pref apz.content_response_timeout
1567203145133	Marionette	DEBUG	Resetting recommended pref browser.contentblocking.introCount
1567203145133	Marionette	DEBUG	Resetting recommended pref browser.download.panel.shown
1567203145133	Marionette	DEBUG	Resetting recommended pref browser.newtabpage.enabled
1567203145134	Marionette	DEBUG	Resetting recommended pref browser.pagethumbnails.capturing_disabled
1567203145134	Marionette	DEBUG	Resetting recommended pref browser.search.update
1567203145134	Marionette	DEBUG	Resetting recommended pref browser.tabs.disableBackgroundZombification
1567203145134	Marionette	DEBUG	Resetting recommended pref browser.tabs.remote.separatePrivilegedContentProcess
1567203145134	Marionette	DEBUG	Resetting recommended pref browser.tabs.unloadOnLowMemory
1567203145134	Marionette	DEBUG	Resetting recommended pref browser.tabs.warnOnCloseOtherTabs
1567203145134	Marionette	DEBUG	Resetting recommended pref browser.tabs.warnOnOpen
1567203145134	Marionette	DEBUG	Resetting recommended pref browser.usedOnWindows10.introURL
1567203145134	Marionette	DEBUG	Resetting recommended pref browser.urlbar.suggest.searches
1567203145134	Marionette	DEBUG	Resetting recommended pref datareporting.policy.dataSubmissionPolicyAccepted
1567203145135	Marionette	DEBUG	Resetting recommended pref dom.disable_beforeunload
1567203145135	Marionette	DEBUG	Resetting recommended pref dom.disable_open_during_load
1567203145135	Marionette	DEBUG	Resetting recommended pref dom.file.createInChild
1567203145135	Marionette	DEBUG	Resetting recommended pref dom.max_chrome_script_run_time
1567203145135	Marionette	DEBUG	Resetting recommended pref dom.max_script_run_time
1567203145135	Marionette	DEBUG	Resetting recommended pref dom.push.connection.enabled
1567203145135	Marionette	DEBUG	Resetting recommended pref extensions.getAddons.cache.enabled
1567203145135	Marionette	DEBUG	Resetting recommended pref extensions.webservice.discoverURL
1567203145135	Marionette	DEBUG	Resetting recommended pref network.http.prompt-temp-redirect
1567203145135	Marionette	DEBUG	Resetting recommended pref network.http.speculative-parallel-limit
1567203145135	Marionette	DEBUG	Resetting recommended pref privacy.trackingprotection.enabled
1567203145135	Marionette	DEBUG	Resetting recommended pref security.certerrors.mitm.priming.enabled
1567203145135	Marionette	DEBUG	Resetting recommended pref security.fileuri.strict_origin_policy
1567203145136	Marionette	DEBUG	Resetting recommended pref security.notification_enable_delay
1567203145136	Marionette	DEBUG	Resetting recommended pref signon.autofillForms
1567203145136	Marionette	DEBUG	Resetting recommended pref signon.rememberSignons
1567203145136	Marionette	DEBUG	Resetting recommended pref toolkit.cosmeticAnimations.enabled
1567203145136	Marionette	DEBUG	Remote service is inactive

###!!! [Child][RunMessage] Error: Channel closing: too late to send/recv, messages will be lost

[GPU 21380, Ch
###!!! [Child][MessageChannel::SendAndWait] Error: Channel error: cannot send/recv

1567203145550	geckodriver::marionette	DEBUG	Browser process stopped: exit code: 0
1567203145634	webdriver::server	DEBUG	<- 200 OK {"value":null}
1567203145654	webdriver::server	DEBUG	-> POST /session {"capabilities":{"browserName":"firefox","acceptSslCerts":true,"acceptInsecureCerts":true,"name":"Test"},"desiredCapabilities":{"browserName":"firefox","acceptSslCerts":true,"platform":"ANY","acceptInsecureCerts":true,"name":"Test"}}
1567203145666	mozrunner::runner	INFO	Running command: "C:\\Program Files\\Firefox Developer Edition\\firefox.exe" "-marionette" "-foreground" "-no-remote" "-profile" "C:\\Users\\GEBRUI~1\\AppData\\Local\\Temp\\rust_mozprofile.6c2I3ZnPsiqZ"
1567203145669	geckodriver::marionette	DEBUG	Waiting 60s to connect to browser on 127.0.0.1:63780
1567203146100	addons.webextension.screenshots@mozilla.org	WARN	Loading extension 'screenshots@mozilla.org': Reading manifest: Invalid extension permission: mozillaAddons
1567203146101	addons.webextension.screenshots@mozilla.org	WARN	Loading extension 'screenshots@mozilla.org': Reading manifest: Invalid extension permission: telemetry
1567203146101	addons.webextension.screenshots@mozilla.org	WARN	Loading extension 'screenshots@mozilla.org': Reading manifest: Invalid extension permission: resource://pdf.js/
1567203146101	addons.webextension.screenshots@mozilla.org	WARN	Loading extension 'screenshots@mozilla.org': Reading manifest: Invalid extension permission: about:reader*
1567203146366	Marionette	DEBUG	Init aborted (running=false, enabled=true, finalUIStartup=false)
JavaScript error: resource://gre/modules/XULStore.jsm, line 66: Error: Can't find profile directory.
WARN: compileToBinary(259): 
C:\fakepath(337,18-133): warning X3571: pow(f, e) will not work for negative f, use abs(f) or conditionally handle negative values if you expect them
C:\fakepath(343,62-116): warning X3571: pow(f, e) will not work for negative f, use abs(f) or conditionally handle negative values if you expect them
C:\fakepath(360,75-84): warning X3556: integer divides may be much slower, try using uints if possible.
C:\fakepath(363,50-59): warning X3556: integer modulus may be much slower, try using uints if possible.
C:\fakepath(383,33-90): warning X3571: pow(f, e) will not work for negative f, use abs(f) or conditionally handle negative values if you expect them
C:\fakepath(174,1-6): warning X4000: use of potentially uninitialized variable (dyn_index_vec4_float4)
C:\fakepath(289,25-29): error X4576: Input array signature parameter  cannot be indexed dynamically.

WARN: compileToBinary(259): 
C:\fakepath(337,18-133): warning X3571: pow(f, e) will not work for negative f, use abs(f) or conditionally handle negative values if you expect them
C:\fakepath(343,62-116): warning X3571: pow(f, e) will not work for negative f, use abs(f) or conditionally handle negative values if you expect them
C:\fakepath(360,75-84): warning X3556: integer divides may be much slower, try using uints if possible.
C:\fakepath(363,50-59): warning X3556: integer modulus may be much slower, try using uints if possible.
C:\fakepath(383,33-90): warning X3571: pow(f, e) will not work for negative f, use abs(f) or conditionally handle negative values if you expect them
C:\fakepath(174,1-6): warning X4000: use of potentially uninitialized variable (dyn_index_vec4_float4)
C:\fakepath(289,25-29): error X4576: Input array signature parameter  cannot be indexed dynamically.

WARN: compileToBinary(259): 
C:\fakepath(360,75-84): warning X3556: integer divides may be much slower, try using uints if possible.
C:\fakepath(363,50-59): warning X3556: integer modulus may be much slower, try using uints if possible.
C:\fakepath(174,1-6): warning X4000: use of potentially uninitialized variable (dyn_index_vec4_float4)
C:\fakepath(225,1): warning X4000: use of potentially uninitialized variable (f_distance_aa)
C:\fakepath(262,1): warning X4000: use of potentially uninitialized variable (f_do_clip)

[Child 7748, Chrome_ChildThread] WARNING: pipe error: 109: file z:/task_1567136873/build/src/ipc/chromium/src/chrome/common/ipc_channel_win.cc, line 341
[Child 7748, Chrome_ChildThread] WARNING: pipe error: 109: file z:/task_1567136873/build/src/ipc/chromium/src/chrome/common/ip1567203148988	Marionette	DEBUG	Setting recommended pref apz.content_response_timeout to 60000
1567203148989	Marionette	DEBUG	Setting recommended pref browser.contentblocking.introCount to 99
1567203148989	Marionette	DEBUG	Setting recommended pref browser.download.panel.shown to true
1567203148989	Marionette	DEBUG	Setting recommended pref browser.newtabpage.enabled to false
1567203148990	Marionette	DEBUG	Setting recommended pref browser.pagethumbnails.capturing_disabled to true
1567203148990	Marionette	DEBUG	Setting recommended pref browser.search.update to false
1567203148990	Marionette	DEBUG	Setting recommended pref browser.tabs.disableBackgroundZombification to false
1567203148991	Marionette	DEBUG	Setting recommended pref browser.tabs.remote.separatePrivilegedContentProcess to false
1567203148991	Marionette	DEBUG	Setting recommended pref browser.tabs.unloadOnLowMemory to false
1567203148991	Marionette	DEBUG	Setting recommended pref browser.tabs.warnOnCloseOtherTabs to false
1567203148991	Marionette	DEBUG	Setting recommended pref browser.tabs.warnOnOpen to false
1567203148991	Marionette	DEBUG	Setting recommended pref browser.usedOnWindows10.introURL to 
1567203148991	Marionette	DEBUG	Setting recommended pref browser.urlbar.suggest.searches to false
1567203148992	Marionette	DEBUG	Setting recommended pref datareporting.policy.dataSubmissionPolicyAccepted to false
1567203148992	Marionette	DEBUG	Setting recommended pref dom.disable_beforeunload to true
1567203148993	Marionette	DEBUG	Setting recommended pref dom.disable_open_during_load to false
1567203148993	Marionette	DEBUG	Setting recommended pref dom.file.createInChild to true
1567203148993	Marionette	DEBUG	Setting recommended pref dom.max_chrome_script_run_time to 0
1567203148993	Marionette	DEBUG	Setting recommended pref dom.max_script_run_time to 0
1567203148994	Marionette	DEBUG	Setting recommended pref dom.push.connection.enabled to false
1567203148994	Marionette	DEBUG	Setting recommended pref extensions.getAddons.cache.enabled to false
1567203148994	Marionette	DEBUG	Setting recommended pref extensions.webservice.discoverURL to http://%(server)s/dummy/discoveryURL
1567203148994	Marionette	DEBUG	Setting recommended pref network.http.prompt-temp-redirect to false
1567203148994	Marionette	DEBUG	Setting recommended pref network.http.speculative-parallel-limit to 0
1567203148995	Marionette	DEBUG	Setting recommended pref privacy.trackingprotection.enabled to false
1567203148995	Marionette	DEBUG	Setting recommended pref security.certerrors.mitm.priming.enabled to false
1567203148995	Marionette	DEBUG	Setting recommended pref security.fileuri.strict_origin_policy to false
1567203148995	Marionette	DEBUG	Setting recommended pref security.notification_enable_delay to 0
1567203148995	Marionette	DEBUG	Setting recommended pref signon.autofillForms to false
1567203148996	Marionette	DEBUG	Setting recommended pref signon.rememberSignons to false
1567203148996	Marionette	DEBUG	Setting recommended pref toolkit.cosmeticAnimations.enabled to false
1567203149035	Marionette	INFO	Listening on port 63780
1567203149036	Marionette	DEBUG	Remote service is active
1567203149275	geckodriver::marionette	DEBUG	Connection established on 127.0.0.1:63780. Waiting for Marionette handshake
1567203149279	Marionette	DEBUG	Accepted connection 0 from 127.0.0.1:63791
1567203149279	geckodriver::marionette	DEBUG	Connected to Marionette
1567203149281	Marionette	DEBUG	0 -> [0,1,"WebDriver:NewSession",{}]
1567203149322	Marionette	DEBUG	0 <- [1,1,null,{"sessionId":"3cff7cc3-88f3-412f-9dcb-761dd432035f","capabilities":{"browserName":"firefox","browserVersion":"70.0" ... ozprofile.6c2I3ZnPsiqZ","moz:shutdownTimeout":60000,"moz:useNonSpecCompliantPointerOrigin":false,"moz:webdriverClick":true}}]
1567203149338	webdriver::server	DEBUG	<- 200 OK {"value":{"sessionId":"3cff7cc3-88f3-412f-9dcb-761dd432035f","capabilities":{"acceptInsecureCerts":false,"browserName":"firefox","browserVersion":"70.0","moz:accessibilityChecks":false,"moz:buildID":"20190830040415","moz:geckodriverVersion":"0.24.0","moz:headless":false,"moz:processID":7404,"moz:profile":"C:\\Users\\Gebruiker\\AppData\\Local\\Temp\\rust_mozprofile.6c2I3ZnPsiqZ","moz:shutdownTimeout":60000,"moz:useNonSpecCompliantPointerOrigin":false,"moz:webdriverClick":true,"pageLoadStrategy":"normal","platformName":"windows","platformVersion":"10.0","rotatable":false,"setWindowRect":true,"strictFileInteractability":false,"timeouts":{"implicit":0,"pageLoad":300000,"script":30000},"unhandledPromptBehavior":"dismiss and notify"}}}
1567203149398	webdriver::server	DEBUG	-> POST /session/3cff7cc3-88f3-412f-9dcb-761dd432035f/window/rect {"width":1280,"height":800}
1567203149400	Marionette	DEBUG	0 -> [0,2,"WebDriver:SetWindowRect",{"height":800,"width":1280}]
1567203149414	Marionette	DEBUG	0 <- [1,2,null,{"x":4,"y":4,"width":1280,"height":800}]
1567203149415	webdriver::server	DEBUG	<- 200 OK {"value":{"x":4,"y":4,"width":1280,"height":800}}
1567203149417	webdriver::server	DEBUG	-> POST /session/3cff7cc3-88f3-412f-9dcb-761dd432035f/url {"url":"http://localhost:8080/"}
1567203149419	Marionette	DEBUG	0 -> [0,3,"WebDriver:Navigate",{"url":"http://localhost:8080/"}]
1567203151104	Marionette	DEBUG	0 <- [1,3,null,{"value":null}]
1567203151106	webdriver::server	DEBUG	<- 200 OK {"value":null}
1567203151112	webdriver::server	DEBUG	-> POST /session/3cff7cc3-88f3-412f-9dcb-761dd432035f/elements {"using":"css selector","value":".menu"}
1567203151114	Marionette	DEBUG	0 -> [0,4,"WebDriver:FindElements",{"using":"css selector","value":".menu"}]
1567203151118	Marionette	DEBUG	0 <- [1,4,null,[{"element-6066-11e4-a52e-4f735466cecf":"a1750401-d33d-4cbb-94e5-bab7ee80f2ca"},{"element-6066-11e4-a52e-4f735466cecf":"38b3d607-d1b6-4f94-bfbc-6755cdedfc79"}]]
1567203151118	webdriver::server	DEBUG	<- 200 OK {"value":[{"element-6066-11e4-a52e-4f735466cecf":"a1750401-d33d-4cbb-94e5-bab7ee80f2ca"},{"element-6066-11e4-a52e-4f735466cecf":"38b3d607-d1b6-4f94-bfbc-6755cdedfc79"}]}
1567203151120	webdriver::server	DEBUG	-> POST /session/3cff7cc3-88f3-412f-9dcb-761dd432035f/element/a1750401-d33d-4cbb-94e5-bab7ee80f2ca/elements {"using":"css selector","value":"[title=functions]"}
1567203151122	Marionette	DEBUG	0 -> [0,5,"WebDriver:FindElements",{"element":"a1750401-d33d-4cbb-94e5-bab7ee80f2ca","using":"css selector","value":"[title=functions]"}]
1567203151124	Marionette	DEBUG	0 <- [1,5,null,[{"element-6066-11e4-a52e-4f735466cecf":"be7f99fc-dc58-41c3-8e58-8c8811d8bfa1"}]]
1567203151124	webdriver::server	DEBUG	<- 200 OK {"value":[{"element-6066-11e4-a52e-4f735466cecf":"be7f99fc-dc58-41c3-8e58-8c8811d8bfa1"}]}
1567203151126	webdriver::server	DEBUG	-> POST /session/3cff7cc3-88f3-412f-9dcb-761dd432035f/element/be7f99fc-dc58-41c3-8e58-8c8811d8bfa1/click {"id":"be7f99fc-dc58-41c3-8e58-8c8811d8bfa1"}
1567203151127	Marionette	DEBUG	0 -> [0,6,"WebDriver:ElementClick",{"id":"be7f99fc-dc58-41c3-8e58-8c8811d8bfa1"}]
1567203151339	Marionette	DEBUG	[20] Canceled page load listener because no navigation has been detected
1567203151340	Marionette	DEBUG	0 <- [1,6,null,{"value":null}]
1567203151340	webdriver::server	DEBUG	<- 200 OK {"value":null}
1567203151343	webdriver::server	DEBUG	-> POST /session/3cff7cc3-88f3-412f-9dcb-761dd432035f/elements {"using":"css selector","value":".tab"}
1567203151345	Marionette	DEBUG	0 -> [0,7,"WebDriver:FindElements",{"using":"css selector","value":".tab"}]
1567203151348	Marionette	DEBUG	0 <- [1,7,null,[{"element-6066-11e4-a52e-4f735466cecf":"a505e71a-40a1-4973-a2ce-9d4377183763"},{"element-6066-11e4-a52e-4f735466ce ... ecf":"2cc286b1-ab1a-4db2-9de9-be1942a964eb"},{"element-6066-11e4-a52e-4f735466cecf":"2b9bf333-b013-453b-a0b4-7a97ca08ca7b"}]]
1567203151348	webdriver::server	DEBUG	<- 200 OK {"value":[{"element-6066-11e4-a52e-4f735466cecf":"a505e71a-40a1-4973-a2ce-9d4377183763"},{"element-6066-11e4-a52e-4f735466cecf":"f495de23-852c-47c1-9765-62336e93da17"},{"element-6066-11e4-a52e-4f735466cecf":"0a40e614-2c33-44df-bf16-2a53ff364137"},{"element-6066-11e4-a52e-4f735466cecf":"f37f6fa4-3252-4617-b365-5cbb7e9effe1"},{"element-6066-11e4-a52e-4f735466cecf":"2cc286b1-ab1a-4db2-9de9-be1942a964eb"},{"element-6066-11e4-a52e-4f735466cecf":"2b9bf333-b013-453b-a0b4-7a97ca08ca7b"}]}
1567203151350	webdriver::server	DEBUG	-> POST /session/3cff7cc3-88f3-412f-9dcb-761dd432035f/element/a505e71a-40a1-4973-a2ce-9d4377183763/elements {"using":"css selector","value":"[title=cartesian]"}
1567203151350	Marionette	DEBUG	0 -> [0,8,"WebDriver:FindElements",{"element":"a505e71a-40a1-4973-a2ce-9d4377183763","using":"css selector","value":"[title=cartesian]"}]
1567203151354	Marionette	DEBUG	0 <- [1,8,null,[{"element-6066-11e4-a52e-4f735466cecf":"849189fa-d57b-4cc7-a89c-703f0ca166bc"}]]
1567203151354	webdriver::server	DEBUG	<- 200 OK {"value":[{"element-6066-11e4-a52e-4f735466cecf":"849189fa-d57b-4cc7-a89c-703f0ca166bc"}]}
1567203151356	webdriver::server	DEBUG	-> POST /session/3cff7cc3-88f3-412f-9dcb-761dd432035f/element/849189fa-d57b-4cc7-a89c-703f0ca166bc/click {"id":"849189fa-d57b-4cc7-a89c-703f0ca166bc"}
1567203151357	Marionette	DEBUG	0 -> [0,9,"WebDriver:ElementClick",{"id":"849189fa-d57b-4cc7-a89c-703f0ca166bc"}]
1567203151572	Marionette	DEBUG	[20] Canceled page load listener because no navigation has been detected
1567203151573	Marionette	DEBUG	0 <- [1,9,null,{"value":null}]
1567203151573	webdriver::server	DEBUG	<- 200 OK {"value":null}
1567203151576	webdriver::server	DEBUG	-> POST /session/3cff7cc3-88f3-412f-9dcb-761dd432035f/elements {"using":"css selector","value":".tab"}
1567203151577	Marionette	DEBUG	0 -> [0,10,"WebDriver:FindElements",{"using":"css selector","value":".tab"}]
1567203151583	Marionette	DEBUG	0 <- [1,10,null,[{"element-6066-11e4-a52e-4f735466cecf":"a505e71a-40a1-4973-a2ce-9d4377183763"},{"element-6066-11e4-a52e-4f735466c ... ecf":"2cc286b1-ab1a-4db2-9de9-be1942a964eb"},{"element-6066-11e4-a52e-4f735466cecf":"2b9bf333-b013-453b-a0b4-7a97ca08ca7b"}]]
1567203151584	webdriver::server	DEBUG	<- 200 OK {"value":[{"element-6066-11e4-a52e-4f735466cecf":"a505e71a-40a1-4973-a2ce-9d4377183763"},{"element-6066-11e4-a52e-4f735466cecf":"f495de23-852c-47c1-9765-62336e93da17"},{"element-6066-11e4-a52e-4f735466cecf":"0a40e614-2c33-44df-bf16-2a53ff364137"},{"element-6066-11e4-a52e-4f735466cecf":"f37f6fa4-3252-4617-b365-5cbb7e9effe1"},{"element-6066-11e4-a52e-4f735466cecf":"2cc286b1-ab1a-4db2-9de9-be1942a964eb"},{"element-6066-11e4-a52e-4f735466cecf":"2b9bf333-b013-453b-a0b4-7a97ca08ca7b"}]}
1567203151586	webdriver::server	DEBUG	-> POST /session/3cff7cc3-88f3-412f-9dcb-761dd432035f/element/a505e71a-40a1-4973-a2ce-9d4377183763/elements {"using":"css selector","value":".mathfield"}
1567203151588	Marionette	DEBUG	0 -> [0,11,"WebDriver:FindElements",{"element":"a505e71a-40a1-4973-a2ce-9d4377183763","using":"css selector","value":".mathfield"}]
1567203151591	Marionette	DEBUG	0 <- [1,11,null,[{"element-6066-11e4-a52e-4f735466cecf":"b73b8c7a-3476-42a4-a6d6-1ba409392082"},{"element-6066-11e4-a52e-4f735466c ... ecf":"7a702287-5f8c-4197-b13e-56dbe18ae201"},{"element-6066-11e4-a52e-4f735466cecf":"2b1bbc99-c491-4e48-b305-9616ed2ec375"}]]
1567203151592	webdriver::server	DEBUG	<- 200 OK {"value":[{"element-6066-11e4-a52e-4f735466cecf":"b73b8c7a-3476-42a4-a6d6-1ba409392082"},{"element-6066-11e4-a52e-4f735466cecf":"c1506b2b-469b-4422-93da-6e99a5c54645"},{"element-6066-11e4-a52e-4f735466cecf":"7a702287-5f8c-4197-b13e-56dbe18ae201"},{"element-6066-11e4-a52e-4f735466cecf":"2b1bbc99-c491-4e48-b305-9616ed2ec375"}]}
1567203151593	webdriver::server	DEBUG	-> POST /session/3cff7cc3-88f3-412f-9dcb-761dd432035f/element/b73b8c7a-3476-42a4-a6d6-1ba409392082/click {"id":"b73b8c7a-3476-42a4-a6d6-1ba409392082"}
1567203151594	Marionette	DEBUG	0 -> [0,12,"WebDriver:ElementClick",{"id":"b73b8c7a-3476-42a4-a6d6-1ba409392082"}]
1567203151825	Marionette	DEBUG	[20] Canceled page load listener because no navigation has been detected
1567203151826	Marionette	DEBUG	0 <- [1,12,null,{"value":null}]
1567203151826	webdriver::server	DEBUG	<- 200 OK {"value":null}
1567203151829	webdriver::server	DEBUG	-> POST /session/3cff7cc3-88f3-412f-9dcb-761dd432035f/keys {"value":["x"]}
1567203151830	webdriver::server	DEBUG	<- 404 Not Found {"value":{"error":"unknown command","message":"POST /session/3cff7cc3-88f3-412f-9dcb-761dd432035f/keys did not match a known command","stacktrace":""}}
1567203151835	webdriver::server	DEBUG	-> POST /session/3cff7cc3-88f3-412f-9dcb-761dd432035f/elements {"using":"css selector","value":".tab"}
1567203151837	Marionette	DEBUG	0 -> [0,13,"WebDriver:FindElements",{"using":"css selector","value":".tab"}]
1567203151843	Marionette	DEBUG	0 <- [1,13,null,[{"element-6066-11e4-a52e-4f735466cecf":"a505e71a-40a1-4973-a2ce-9d4377183763"},{"element-6066-11e4-a52e-4f735466c ... ecf":"2cc286b1-ab1a-4db2-9de9-be1942a964eb"},{"element-6066-11e4-a52e-4f735466cecf":"2b9bf333-b013-453b-a0b4-7a97ca08ca7b"}]]
1567203151843	webdriver::server	DEBUG	<- 200 OK {"value":[{"element-6066-11e4-a52e-4f735466cecf":"a505e71a-40a1-4973-a2ce-9d4377183763"},{"element-6066-11e4-a52e-4f735466cecf":"f495de23-852c-47c1-9765-62336e93da17"},{"element-6066-11e4-a52e-4f735466cecf":"0a40e614-2c33-44df-bf16-2a53ff364137"},{"element-6066-11e4-a52e-4f735466cecf":"f37f6fa4-3252-4617-b365-5cbb7e9effe1"},{"element-6066-11e4-a52e-4f735466cecf":"2cc286b1-ab1a-4db2-9de9-be1942a964eb"},{"element-6066-11e4-a52e-4f735466cecf":"2b9bf333-b013-453b-a0b4-7a97ca08ca7b"}]}
1567203151846	webdriver::server	DEBUG	-> POST /session/3cff7cc3-88f3-412f-9dcb-761dd432035f/element/a505e71a-40a1-4973-a2ce-9d4377183763/elements {"using":"css selector","value":".applyButton"}
1567203151848	Marionette	DEBUG	0 -> [0,14,"WebDriver:FindElements",{"element":"a505e71a-40a1-4973-a2ce-9d4377183763","using":"css selector","value":".applyButton"}]
1567203151857	Marionette	DEBUG	0 <- [1,14,null,[{"element-6066-11e4-a52e-4f735466cecf":"46606bd9-60b4-4e2b-9a3c-2d8554f0890e"},{"element-6066-11e4-a52e-4f735466cecf":"01ba65f0-ba5d-4a35-83bf-754f09110a17"},{"element-6066-11e4-a52e-4f735466cecf":"be6263f4-62d7-4f72-9422-74873a0e8f2c"}]]
1567203151858	webdriver::server	DEBUG	<- 200 OK {"value":[{"element-6066-11e4-a52e-4f735466cecf":"46606bd9-60b4-4e2b-9a3c-2d8554f0890e"},{"element-6066-11e4-a52e-4f735466cecf":"01ba65f0-ba5d-4a35-83bf-754f09110a17"},{"element-6066-11e4-a52e-4f735466cecf":"be6263f4-62d7-4f72-9422-74873a0e8f2c"}]}
1567203151860	webdriver::server	DEBUG	-> POST /session/3cff7cc3-88f3-412f-9dcb-761dd432035f/element/46606bd9-60b4-4e2b-9a3c-2d8554f0890e/click {"id":"46606bd9-60b4-4e2b-9a3c-2d8554f0890e"}
1567203151860	Marionette	DEBUG	0 -> [0,15,"WebDriver:ElementClick",{"id":"46606bd9-60b4-4e2b-9a3c-2d8554f0890e"}]
1567203152404	Marionette	DEBUG	[20] Canceled page load listener because no navigation has been detected
1567203152405	Marionette	DEBUG	0 <- [1,15,null,{"value":null}]
1567203152405	webdriver::server	DEBUG	<- 200 OK {"value":null}
1567203162408	webdriver::server	DEBUG	-> DELETE /session/3cff7cc3-88f3-412f-9dcb-761dd432035f 
1567203162410	Marionette	DEBUG	0 -> [0,16,"Marionette:Quit",{"flags":["eForceQuit"]}]
1567203162411	Marionette	INFO	Stopped listening on port 63780
1567203162474	Marionette	DEBUG	0 <- [1,16,null,{"cause":"shutdown"}]
1567203162506	webdriver::server	DEBUG	Deleting session
[Parent 7404, Gecko_IOThread] WARNING: pipe error: 109: file z:/task_1567136873/build/src/ipc/chromium/src/chrome/common/ipc_channel_win.cc, line 341
[Child 18532, Chrome_ChildThread] WARNING: pipe error: 109: file z:/task_1567136873/build/src/ipc/chromium/src/chrome/common/ipc_channel_win.cc, line 341
[Child 18532, Chrome_ChildThread] WARNING: pipe 1567203162520	Marionette	DEBUG	0 -> [0,17,"Marionette:Quit",{"flags":["eForceQuit"]}]
1567203162520	Marionette	DEBUG	0 <- [1,17,{"error":"invalid session id","message":"Tried to run command without establishing a connection","stacktrace":"WebDrive ... t@chrome://marionette/content/server.js:249:9\n_onJSONObjectReady/<@chrome://marionette/content/transport.js:501:20\n"},null]
[Child 22436, Chrome_ChildThread] WARNING: pipe error: 109: file z:/task_1567136873/build/src/ipc/chromium/src/chrome/common/ipc_channel_win.cc, line 341
[Child 22436, Chrome_ChildThread] WARNING: pipe error: 109: file z:/task_1567136873/build/src/ipc/chromium/src/chrome/common/ipc_channel_win.cc, line 341
1567203162528	Marionette	DEBUG	Closed connection 0
[Parent 7404, Gecko_IOThread] WARNING: pipe error: 109: file z:/task_1567136873/build/src/ipc/chromium/src/chrome/common/ipc_channel_win.cc, line 341
[Child 18284, Chrome_ChildThread] WARNING: pipe error: 109: file z:/task_1567136873/build/src/ipc/chromium/src/chrome/common/ipc_channel_win.cc, line 341
[Child 18284, Chro1567203163076	Marionette	DEBUG	Resetting recommended pref apz.content_response_timeout
1567203163076	Marionette	DEBUG	Resetting recommended pref browser.contentblocking.introCount
1567203163076	Marionette	DEBUG	Resetting recommended pref browser.download.panel.shown
1567203163077	Marionette	DEBUG	Resetting recommended pref browser.newtabpage.enabled
1567203163077	Marionette	DEBUG	Resetting recommended pref browser.pagethumbnails.capturing_disabled
1567203163077	Marionette	DEBUG	Resetting recommended pref browser.search.update
1567203163077	Marionette	DEBUG	Resetting recommended pref browser.tabs.disableBackgroundZombification
1567203163077	Marionette	DEBUG	Resetting recommended pref browser.tabs.remote.separatePrivilegedContentProcess
1567203163077	Marionette	DEBUG	Resetting recommended pref browser.tabs.unloadOnLowMemory
1567203163077	Marionette	DEBUG	Resetting recommended pref browser.tabs.warnOnCloseOtherTabs
1567203163077	Marionette	DEBUG	Resetting recommended pref browser.tabs.warnOnOpen
1567203163078	Marionette	DEBUG	Resetting recommended pref browser.usedOnWindows10.introURL
1567203163078	Marionette	DEBUG	Resetting recommended pref browser.urlbar.suggest.searches
1567203163078	Marionette	DEBUG	Resetting recommended pref datareporting.policy.dataSubmissionPolicyAccepted
1567203163078	Marionette	DEBUG	Resetting recommended pref dom.disable_beforeunload
1567203163078	Marionette	DEBUG	Resetting recommended pref dom.disable_open_during_load
1567203163078	Marionette	DEBUG	Resetting recommended pref dom.file.createInChild
1567203163078	Marionette	DEBUG	Resetting recommended pref dom.max_chrome_script_run_time
1567203163079	Marionette	DEBUG	Resetting recommended pref dom.max_script_run_time
1567203163079	Marionette	DEBUG	Resetting recommended pref dom.push.connection.enabled
1567203163079	Marionette	DEBUG	Resetting recommended pref extensions.getAddons.cache.enabled
1567203163079	Marionette	DEBUG	Resetting recommended pref extensions.webservice.discoverURL
1567203163079	Marionette	DEBUG	Resetting recommended pref network.http.prompt-temp-redirect
1567203163079	Marionette	DEBUG	Resetting recommended pref network.http.speculative-parallel-limit
1567203163079	Marionette	DEBUG	Resetting recommended pref privacy.trackingprotection.enabled
1567203163079	Marionette	DEBUG	Resetting recommended pref security.certerrors.mitm.priming.enabled
1567203163079	Marionette	DEBUG	Resetting recommended pref security.fileuri.strict_origin_policy
1567203163079	Marionette	DEBUG	Resetting recommended pref security.notification_enable_delay
1567203163079	Marionette	DEBUG	Resetting recommended pref signon.autofillForms
1567203163079	Marionette	DEBUG	Resetting recommended pref signon.rememberSignons
1567203163080	Marionette	DEBUG	Resetting recommended pref toolkit.cosmeticAnimations.enabled
1567203163080	Marionette	DEBUG	Remote service is inactive

###!!! [Child][RunMessage] Error: Channel closing: too late to send/recv, messages will be lost

[GPU 20788, Chrome_ChildThread] WARNING: 
###!!! [Child][MessageChannel::SendAndWait] Error: Channel error: cannot send/recv

1567203163430	geckodriver::marionette	DEBUG	Browser process stopped: exit code: 0
1567203163607	webdriver::server	DEBUG	<- 200 OK {"value":null}
